Using pre-set license
Built from '2022.3/staging' branch; Version is '2022.3.25f1 (530ae0ba3889) revision 5442272'; Using compiler version '192829333'; Build Type 'Release'
OS: 'Windows 11  (10.0.26100) 64bit CoreSingleLanguage' Language: 'en' Physical Memory: 16024 MB
BatchMode: 1, IsHumanControllingUs: 0, StartBugReporterOnCrash: 0, Is64bit: 1, IsPro: 1

COMMAND LINE ARGUMENTS:
C:\Program Files\Unity\Hub\Editor\2022.3.25f1\Editor\Unity.exe
-adb2
-batchMode
-noUpm
-name
AssetImportWorker3
-projectPath
D:/Git Hub/Game Dev & Projects/Hotel-H
-logFile
Logs/AssetImportWorker3.log
-srvPort
64819
Successfully changed project path to: D:/Git Hub/Game Dev & Projects/Hotel-H
D:/Git Hub/Game Dev & Projects/Hotel-H
[UnityMemory] Configuration Parameters - Can be set up in boot.config
    "memorysetup-bucket-allocator-granularity=16"
    "memorysetup-bucket-allocator-bucket-count=8"
    "memorysetup-bucket-allocator-block-size=33554432"
    "memorysetup-bucket-allocator-block-count=8"
    "memorysetup-main-allocator-block-size=16777216"
    "memorysetup-thread-allocator-block-size=16777216"
    "memorysetup-gfx-main-allocator-block-size=16777216"
    "memorysetup-gfx-thread-allocator-block-size=16777216"
    "memorysetup-cache-allocator-block-size=4194304"
    "memorysetup-typetree-allocator-block-size=2097152"
    "memorysetup-profiler-bucket-allocator-granularity=16"
    "memorysetup-profiler-bucket-allocator-bucket-count=8"
    "memorysetup-profiler-bucket-allocator-block-size=33554432"
    "memorysetup-profiler-bucket-allocator-block-count=8"
    "memorysetup-profiler-allocator-block-size=16777216"
    "memorysetup-profiler-editor-allocator-block-size=1048576"
    "memorysetup-temp-allocator-size-main=16777216"
    "memorysetup-job-temp-allocator-block-size=2097152"
    "memorysetup-job-temp-allocator-block-size-background=1048576"
    "memorysetup-job-temp-allocator-reduction-small-platforms=262144"
    "memorysetup-allocator-temp-initial-block-size-main=262144"
    "memorysetup-allocator-temp-initial-block-size-worker=262144"
    "memorysetup-temp-allocator-size-background-worker=32768"
    "memorysetup-temp-allocator-size-job-worker=262144"
    "memorysetup-temp-allocator-size-preload-manager=33554432"
    "memorysetup-temp-allocator-size-nav-mesh-worker=65536"
    "memorysetup-temp-allocator-size-audio-worker=65536"
    "memorysetup-temp-allocator-size-cloud-worker=32768"
    "memorysetup-temp-allocator-size-gi-baking-worker=262144"
    "memorysetup-temp-allocator-size-gfx=262144"
Player connection [16156] Host "[IP] 192.168.224.26 [Port] 0 [Flags] 2 [Guid] 3668791496 [EditorId] 3668791496 [Version] 1048832 [Id] WindowsEditor(7,GOHILDHARMIK) [Debug] 1 [PackageName] WindowsEditor [ProjectName] Editor" joined multi-casting on [225.0.0.222:54997]...

Player connection [16156] Host "[IP] 192.168.224.26 [Port] 0 [Flags] 2 [Guid] 3668791496 [EditorId] 3668791496 [Version] 1048832 [Id] WindowsEditor(7,GOHILDHARMIK) [Debug] 1 [PackageName] WindowsEditor [ProjectName] Editor" joined alternative multi-casting on [225.0.0.222:34997]...

[Physics::Module] Initialized MultithreadedJobDispatcher with 15 workers.
Refreshing native plugins compatible for Editor in 3931.25 ms, found 3 plugins.
Preloading 0 native plugins for Editor in 0.00 ms.
Initialize engine version: 2022.3.25f1 (530ae0ba3889)
[Subsystems] Discovering subsystems at path C:/Program Files/Unity/Hub/Editor/2022.3.25f1/Editor/Data/Resources/UnitySubsystems
[Subsystems] Discovering subsystems at path D:/Git Hub/Game Dev & Projects/Hotel-H/Assets
GfxDevice: creating device client; threaded=0; jobified=0
Direct3D:
    Version:  Direct3D 11.0 [level 11.1]
    Renderer: Intel(R) Iris(R) Xe Graphics (ID=0xa7a0)
    Vendor:   Intel
    VRAM:     8012 MB
    Driver:   31.0.101.5186
Initialize mono
Mono path[0] = 'C:/Program Files/Unity/Hub/Editor/2022.3.25f1/Editor/Data/Managed'
Mono path[1] = 'C:/Program Files/Unity/Hub/Editor/2022.3.25f1/Editor/Data/MonoBleedingEdge/lib/mono/unityjit-win32'
Mono config path = 'C:/Program Files/Unity/Hub/Editor/2022.3.25f1/Editor/Data/MonoBleedingEdge/etc'
Using monoOptions --debugger-agent=transport=dt_socket,embedding=1,server=y,suspend=n,address=127.0.0.1:56312
Begin MonoManager ReloadAssembly
Registering precompiled unity dll's ...
Register platform support module: C:/Program Files/Unity/Hub/Editor/2022.3.25f1/Editor/Data/PlaybackEngines/WebGLSupport/UnityEditor.WebGL.Extensions.dll
Register platform support module: C:/Program Files/Unity/Hub/Editor/2022.3.25f1/Editor/Data/PlaybackEngines/AndroidPlayer/UnityEditor.Android.Extensions.dll
Register platform support module: C:/Program Files/Unity/Hub/Editor/2022.3.25f1/Editor/Data/PlaybackEngines/WindowsStandaloneSupport/UnityEditor.WindowsStandalone.Extensions.dll
Registered in 1.427203 seconds.
- Loaded All Assemblies, in 18.215 seconds
Native extension for WindowsStandalone target not found
Native extension for Android target not found
Android Extension - Scanning For ADB Devices 376 ms
Native extension for WebGL target not found
Mono: successfully reloaded assembly
- Finished resetting the current domain, in  0.638 seconds
Domain Reload Profiling: 18851ms
	BeginReloadAssembly (14588ms)
		ExecutionOrderSort (0ms)
		DisableScriptedObjects (0ms)
		BackupInstance (0ms)
		ReleaseScriptingObjects (0ms)
		CreateAndSetChildDomain (1ms)
	RebuildCommonClasses (519ms)
	RebuildNativeTypeToScriptingClass (11ms)
	initialDomainReloadingComplete (1498ms)
	LoadAllAssembliesAndSetupDomain (1597ms)
		LoadAssemblies (14588ms)
		RebuildTransferFunctionScriptingTraits (0ms)
		AnalyzeDomain (1593ms)
			TypeCache.Refresh (1592ms)
				TypeCache.ScanAssembly (1579ms)
			ScanForSourceGeneratedMonoScriptInfo (0ms)
			ResolveRequiredComponents (0ms)
	FinalizeReload (638ms)
		ReleaseScriptCaches (0ms)
		RebuildScriptCaches (0ms)
		SetupLoadedEditorAssemblies (598ms)
			LogAssemblyErrors (0ms)
			InitializePlatformSupportModulesInManaged (471ms)
			SetLoadedEditorAssemblies (3ms)
			RefreshPlugins (0ms)
			BeforeProcessingInitializeOnLoad (1ms)
			ProcessInitializeOnLoadAttributes (77ms)
			ProcessInitializeOnLoadMethodAttributes (46ms)
			AfterProcessingInitializeOnLoad (0ms)
			EditorAssembliesLoaded (0ms)
		ExecutionOrderSort2 (0ms)
		AwakeInstancesAfterBackupRestoration (0ms)
========================================================================
Worker process is ready to serve import requests
Begin MonoManager ReloadAssembly
- Loaded All Assemblies, in 14.748 seconds
Refreshing native plugins compatible for Editor in 2.30 ms, found 3 plugins.
Native extension for WindowsStandalone target not found
Native extension for Android target not found
Native extension for WebGL target not found
Mono: successfully reloaded assembly
Package Manager log level set to [2]
[Package Manager] Server::EnsureServerProcessIsRunning -- launch failed, reason: Unity was launched with the -noUpm command-line argument
[Package Manager] UpmClient::Send -- Unable to send message (not connected to UPM process).
[Package Manager] Cannot connect to Unity Package Manager local server
[Package Manager] Server::EnsureServerProcessIsRunning -- launch failed, reason: Unity was launched with the -noUpm command-line argument
[Package Manager] UpmClient::Send -- Unable to send message (not connected to UPM process).
[Package Manager] Cannot connect to Unity Package Manager local server
- Finished resetting the current domain, in  0.574 seconds
Domain Reload Profiling: 15322ms
	BeginReloadAssembly (105ms)
		ExecutionOrderSort (0ms)
		DisableScriptedObjects (3ms)
		BackupInstance (0ms)
		ReleaseScriptingObjects (0ms)
		CreateAndSetChildDomain (16ms)
	RebuildCommonClasses (22ms)
	RebuildNativeTypeToScriptingClass (7ms)
	initialDomainReloadingComplete (27ms)
	LoadAllAssembliesAndSetupDomain (14586ms)
		LoadAssemblies (13921ms)
		RebuildTransferFunctionScriptingTraits (0ms)
		AnalyzeDomain (728ms)
			TypeCache.Refresh (711ms)
				TypeCache.ScanAssembly (584ms)
			ScanForSourceGeneratedMonoScriptInfo (11ms)
			ResolveRequiredComponents (3ms)
	FinalizeReload (575ms)
		ReleaseScriptCaches (0ms)
		RebuildScriptCaches (0ms)
		SetupLoadedEditorAssemblies (463ms)
			LogAssemblyErrors (0ms)
			InitializePlatformSupportModulesInManaged (20ms)
			SetLoadedEditorAssemblies (2ms)
			RefreshPlugins (0ms)
			BeforeProcessingInitializeOnLoad (39ms)
			ProcessInitializeOnLoadAttributes (384ms)
			ProcessInitializeOnLoadMethodAttributes (15ms)
			AfterProcessingInitializeOnLoad (4ms)
			EditorAssembliesLoaded (0ms)
		ExecutionOrderSort2 (0ms)
		AwakeInstancesAfterBackupRestoration (5ms)
Launched and connected shader compiler UnityShaderCompiler.exe after 0.05 seconds
Refreshing native plugins compatible for Editor in 2.13 ms, found 3 plugins.
Preloading 0 native plugins for Editor in 0.00 ms.
Unloading 3301 Unused Serialized files (Serialized files now loaded: 0)
Unloading 44 unused Assets / (63.2 KB). Loaded Objects now: 3755.
Memory consumption went from 134.6 MB to 134.5 MB.
Total: 3.657800 ms (FindLiveObjects: 0.160400 ms CreateObjectMapping: 0.058100 ms MarkObjects: 3.335200 ms  DeleteObjects: 0.103000 ms)

AssetImportParameters requested are different than current active one (requested -> active):
  custom:container-demuxer-ogg: 62fdf1f143b41e24485cea50d1cbac27 -> 
  custom:video-codec-MediaFoundation-h265: 746d11721c4dcdbdad8f713fa42b33f4 -> 
  custom:video-decoder-ogg-theora: a1e56fd34408186e4bbccfd4996cb3dc -> 
  custom:framework-win-MediaFoundation: 216162199b28c13a410421893ffa2e32 -> 
  custom:CustomObjectIndexerAttribute: 9a22284fe3817be447336de3de66b15e -> 
  custom:container-demuxer-webm: 4f35f7cbe854078d1ac9338744f61a02 -> 
  custom:container-muxer-webm: aa71ff27fc2769a1b78a27578f13a17b -> 
  custom:video-decoder-webm-vp8: 9c59270c3fd7afecdb556c50c9e8de78 -> 
  custom:SearchIndexIgnoredProperties: e643bd26f0fe6173181afceb89e7c659 -> 
  custom:AudioImporter_EditorPlatform: d09bf68614088b80899f8185d706f6e7 -> 
  custom:video-encoder-webm-vp8: eb34c28f22e8b96e1ab97ce403110664 -> 
  custom:audio-decoder-ogg-vorbis: bf7c407c2cedff20999df2af8eb42d56 -> 
  custom:audio-encoder-webm-vorbis: bf7c407c2cedff20999df2af8eb42d56 -> 
========================================================================
Received Prepare
Begin MonoManager ReloadAssembly
- Loaded All Assemblies, in  0.309 seconds
Refreshing native plugins compatible for Editor in 2.04 ms, found 3 plugins.
Native extension for WindowsStandalone target not found
Native extension for Android target not found
Native extension for WebGL target not found
Mono: successfully reloaded assembly
[Package Manager] Server::EnsureServerProcessIsRunning -- launch failed, reason: Unity was launched with the -noUpm command-line argument
[Package Manager] UpmClient::Send -- Unable to send message (not connected to UPM process).
[Package Manager] Cannot connect to Unity Package Manager local server
- Finished resetting the current domain, in  0.923 seconds
Domain Reload Profiling: 1231ms
	BeginReloadAssembly (119ms)
		ExecutionOrderSort (0ms)
		DisableScriptedObjects (3ms)
		BackupInstance (0ms)
		ReleaseScriptingObjects (0ms)
		CreateAndSetChildDomain (31ms)
	RebuildCommonClasses (23ms)
	RebuildNativeTypeToScriptingClass (7ms)
	initialDomainReloadingComplete (20ms)
	LoadAllAssembliesAndSetupDomain (139ms)
		LoadAssemblies (190ms)
		RebuildTransferFunctionScriptingTraits (0ms)
		AnalyzeDomain (10ms)
			TypeCache.Refresh (4ms)
				TypeCache.ScanAssembly (0ms)
			ScanForSourceGeneratedMonoScriptInfo (0ms)
			ResolveRequiredComponents (4ms)
	FinalizeReload (923ms)
		ReleaseScriptCaches (0ms)
		RebuildScriptCaches (0ms)
		SetupLoadedEditorAssemblies (630ms)
			LogAssemblyErrors (0ms)
			InitializePlatformSupportModulesInManaged (20ms)
			SetLoadedEditorAssemblies (2ms)
			RefreshPlugins (0ms)
			BeforeProcessingInitializeOnLoad (38ms)
			ProcessInitializeOnLoadAttributes (537ms)
			ProcessInitializeOnLoadMethodAttributes (26ms)
			AfterProcessingInitializeOnLoad (6ms)
			EditorAssembliesLoaded (0ms)
		ExecutionOrderSort2 (0ms)
		AwakeInstancesAfterBackupRestoration (10ms)
Refreshing native plugins compatible for Editor in 4.41 ms, found 3 plugins.
Preloading 0 native plugins for Editor in 0.00 ms.
Unloading 3281 Unused Serialized files (Serialized files now loaded: 0)
Unloading 35 unused Assets / (37.8 KB). Loaded Objects now: 3758.
Memory consumption went from 131.5 MB to 131.4 MB.
Total: 4.224500 ms (FindLiveObjects: 0.305700 ms CreateObjectMapping: 0.109300 ms MarkObjects: 3.638300 ms  DeleteObjects: 0.169600 ms)

Prepare: number of updated asset objects reloaded= 0
AssetImportParameters requested are different than current active one (requested -> active):
  custom:container-demuxer-ogg: 62fdf1f143b41e24485cea50d1cbac27 -> 
  custom:video-codec-MediaFoundation-h265: 746d11721c4dcdbdad8f713fa42b33f4 -> 
  custom:video-decoder-ogg-theora: a1e56fd34408186e4bbccfd4996cb3dc -> 
  custom:framework-win-MediaFoundation: 216162199b28c13a410421893ffa2e32 -> 
  custom:CustomObjectIndexerAttribute: 9a22284fe3817be447336de3de66b15e -> 
  custom:container-demuxer-webm: 4f35f7cbe854078d1ac9338744f61a02 -> 
  custom:container-muxer-webm: aa71ff27fc2769a1b78a27578f13a17b -> 
  custom:video-decoder-webm-vp8: 9c59270c3fd7afecdb556c50c9e8de78 -> 
  custom:SearchIndexIgnoredProperties: e643bd26f0fe6173181afceb89e7c659 -> 
  custom:AudioImporter_EditorPlatform: d09bf68614088b80899f8185d706f6e7 -> 
  custom:video-encoder-webm-vp8: eb34c28f22e8b96e1ab97ce403110664 -> 
  custom:audio-decoder-ogg-vorbis: bf7c407c2cedff20999df2af8eb42d56 -> 
  custom:audio-encoder-webm-vorbis: bf7c407c2cedff20999df2af8eb42d56 -> 
========================================================================
Received Prepare
Begin MonoManager ReloadAssembly
- Loaded All Assemblies, in  0.322 seconds
Refreshing native plugins compatible for Editor in 2.79 ms, found 3 plugins.
Native extension for WindowsStandalone target not found
Native extension for Android target not found
Native extension for WebGL target not found
Mono: successfully reloaded assembly
[Package Manager] Server::EnsureServerProcessIsRunning -- launch failed, reason: Unity was launched with the -noUpm command-line argument
[Package Manager] UpmClient::Send -- Unable to send message (not connected to UPM process).
[Package Manager] Cannot connect to Unity Package Manager local server
- Finished resetting the current domain, in  0.994 seconds
Domain Reload Profiling: 1316ms
	BeginReloadAssembly (118ms)
		ExecutionOrderSort (0ms)
		DisableScriptedObjects (4ms)
		BackupInstance (0ms)
		ReleaseScriptingObjects (0ms)
		CreateAndSetChildDomain (24ms)
	RebuildCommonClasses (23ms)
	RebuildNativeTypeToScriptingClass (11ms)
	initialDomainReloadingComplete (23ms)
	LoadAllAssembliesAndSetupDomain (146ms)
		LoadAssemblies (195ms)
		RebuildTransferFunctionScriptingTraits (0ms)
		AnalyzeDomain (13ms)
			TypeCache.Refresh (6ms)
				TypeCache.ScanAssembly (0ms)
			ScanForSourceGeneratedMonoScriptInfo (0ms)
			ResolveRequiredComponents (5ms)
	FinalizeReload (995ms)
		ReleaseScriptCaches (0ms)
		RebuildScriptCaches (0ms)
		SetupLoadedEditorAssemblies (709ms)
			LogAssemblyErrors (0ms)
			InitializePlatformSupportModulesInManaged (18ms)
			SetLoadedEditorAssemblies (2ms)
			RefreshPlugins (0ms)
			BeforeProcessingInitializeOnLoad (42ms)
			ProcessInitializeOnLoadAttributes (603ms)
			ProcessInitializeOnLoadMethodAttributes (35ms)
			AfterProcessingInitializeOnLoad (8ms)
			EditorAssembliesLoaded (0ms)
		ExecutionOrderSort2 (0ms)
		AwakeInstancesAfterBackupRestoration (12ms)
Refreshing native plugins compatible for Editor in 4.61 ms, found 3 plugins.
Preloading 0 native plugins for Editor in 0.00 ms.
Unloading 3281 Unused Serialized files (Serialized files now loaded: 0)
Unloading 35 unused Assets / (36.8 KB). Loaded Objects now: 3761.
Memory consumption went from 133.4 MB to 133.4 MB.
Total: 4.782000 ms (FindLiveObjects: 0.490900 ms CreateObjectMapping: 0.332900 ms MarkObjects: 3.886500 ms  DeleteObjects: 0.069400 ms)

Prepare: number of updated asset objects reloaded= 0
AssetImportParameters requested are different than current active one (requested -> active):
  custom:container-demuxer-ogg: 62fdf1f143b41e24485cea50d1cbac27 -> 
  custom:video-codec-MediaFoundation-h265: 746d11721c4dcdbdad8f713fa42b33f4 -> 
  custom:video-decoder-ogg-theora: a1e56fd34408186e4bbccfd4996cb3dc -> 
  custom:framework-win-MediaFoundation: 216162199b28c13a410421893ffa2e32 -> 
  custom:CustomObjectIndexerAttribute: 9a22284fe3817be447336de3de66b15e -> 
  custom:container-demuxer-webm: 4f35f7cbe854078d1ac9338744f61a02 -> 
  custom:container-muxer-webm: aa71ff27fc2769a1b78a27578f13a17b -> 
  custom:video-decoder-webm-vp8: 9c59270c3fd7afecdb556c50c9e8de78 -> 
  custom:SearchIndexIgnoredProperties: e643bd26f0fe6173181afceb89e7c659 -> 
  custom:AudioImporter_EditorPlatform: d09bf68614088b80899f8185d706f6e7 -> 
  custom:video-encoder-webm-vp8: eb34c28f22e8b96e1ab97ce403110664 -> 
  custom:audio-decoder-ogg-vorbis: bf7c407c2cedff20999df2af8eb42d56 -> 
  custom:audio-encoder-webm-vorbis: bf7c407c2cedff20999df2af8eb42d56 -> 
========================================================================
Received Prepare
Begin MonoManager ReloadAssembly
- Loaded All Assemblies, in  0.317 seconds
Refreshing native plugins compatible for Editor in 2.09 ms, found 3 plugins.
Native extension for WindowsStandalone target not found
Native extension for Android target not found
Native extension for WebGL target not found
Mono: successfully reloaded assembly
[Package Manager] Server::EnsureServerProcessIsRunning -- launch failed, reason: Unity was launched with the -noUpm command-line argument
[Package Manager] UpmClient::Send -- Unable to send message (not connected to UPM process).
[Package Manager] Cannot connect to Unity Package Manager local server
- Finished resetting the current domain, in  0.943 seconds
Domain Reload Profiling: 1260ms
	BeginReloadAssembly (106ms)
		ExecutionOrderSort (0ms)
		DisableScriptedObjects (4ms)
		BackupInstance (0ms)
		ReleaseScriptingObjects (0ms)
		CreateAndSetChildDomain (24ms)
	RebuildCommonClasses (29ms)
	RebuildNativeTypeToScriptingClass (8ms)
	initialDomainReloadingComplete (19ms)
	LoadAllAssembliesAndSetupDomain (154ms)
		LoadAssemblies (197ms)
		RebuildTransferFunctionScriptingTraits (0ms)
		AnalyzeDomain (14ms)
			TypeCache.Refresh (8ms)
				TypeCache.ScanAssembly (0ms)
			ScanForSourceGeneratedMonoScriptInfo (0ms)
			ResolveRequiredComponents (5ms)
	FinalizeReload (944ms)
		ReleaseScriptCaches (0ms)
		RebuildScriptCaches (0ms)
		SetupLoadedEditorAssemblies (653ms)
			LogAssemblyErrors (0ms)
			InitializePlatformSupportModulesInManaged (19ms)
			SetLoadedEditorAssemblies (2ms)
			RefreshPlugins (0ms)
			BeforeProcessingInitializeOnLoad (45ms)
			ProcessInitializeOnLoadAttributes (515ms)
			ProcessInitializeOnLoadMethodAttributes (63ms)
			AfterProcessingInitializeOnLoad (9ms)
			EditorAssembliesLoaded (0ms)
		ExecutionOrderSort2 (0ms)
		AwakeInstancesAfterBackupRestoration (16ms)
Refreshing native plugins compatible for Editor in 7.64 ms, found 3 plugins.
Preloading 0 native plugins for Editor in 0.00 ms.
Unloading 3281 Unused Serialized files (Serialized files now loaded: 0)
Unloading 35 unused Assets / (36.8 KB). Loaded Objects now: 3764.
Memory consumption went from 135.3 MB to 135.3 MB.
Total: 8.420400 ms (FindLiveObjects: 0.547600 ms CreateObjectMapping: 0.142100 ms MarkObjects: 7.615200 ms  DeleteObjects: 0.113200 ms)

Prepare: number of updated asset objects reloaded= 0
AssetImportParameters requested are different than current active one (requested -> active):
  custom:container-demuxer-ogg: 62fdf1f143b41e24485cea50d1cbac27 -> 
  custom:video-codec-MediaFoundation-h265: 746d11721c4dcdbdad8f713fa42b33f4 -> 
  custom:video-decoder-ogg-theora: a1e56fd34408186e4bbccfd4996cb3dc -> 
  custom:framework-win-MediaFoundation: 216162199b28c13a410421893ffa2e32 -> 
  custom:CustomObjectIndexerAttribute: 9a22284fe3817be447336de3de66b15e -> 
  custom:container-demuxer-webm: 4f35f7cbe854078d1ac9338744f61a02 -> 
  custom:container-muxer-webm: aa71ff27fc2769a1b78a27578f13a17b -> 
  custom:video-decoder-webm-vp8: 9c59270c3fd7afecdb556c50c9e8de78 -> 
  custom:SearchIndexIgnoredProperties: e643bd26f0fe6173181afceb89e7c659 -> 
  custom:AudioImporter_EditorPlatform: d09bf68614088b80899f8185d706f6e7 -> 
  custom:video-encoder-webm-vp8: eb34c28f22e8b96e1ab97ce403110664 -> 
  custom:audio-decoder-ogg-vorbis: bf7c407c2cedff20999df2af8eb42d56 -> 
  custom:audio-encoder-webm-vorbis: bf7c407c2cedff20999df2af8eb42d56 -> 
========================================================================
Received Import Request.
  Time since last request: 249268.312968 seconds.
  path: Assets/Military/Materials/Backpack1_Skin2.mat
  artifactKey: Guid(3c18a64b693f2fc45a7f092ddf46cbce) Importer(815301076,1909f56bfc062723c751e8b465ee728b)
Start importing Assets/Military/Materials/Backpack1_Skin2.mat using Guid(3c18a64b693f2fc45a7f092ddf46cbce) Importer(815301076,1909f56bfc062723c751e8b465ee728b)  -> (artifact id: '391641d3d98e048108875929a23c9562') in 0.189968 seconds
Number of updated asset objects reloaded before import = 0
Number of asset objects unloaded after import = 6
========================================================================
Received Import Request.
  Time since last request: 0.000033 seconds.
  path: Assets/Military/Materials/Gloves1_Skin2.mat
  artifactKey: Guid(953e54df3cf3ebd459b13ba48cac3a19) Importer(815301076,1909f56bfc062723c751e8b465ee728b)
Start importing Assets/Military/Materials/Gloves1_Skin2.mat using Guid(953e54df3cf3ebd459b13ba48cac3a19) Importer(815301076,1909f56bfc062723c751e8b465ee728b)  -> (artifact id: '520509d8fe3755eb4370d2eabe554fd1') in 0.102156 seconds
Number of updated asset objects reloaded before import = 0
Number of asset objects unloaded after import = 5
========================================================================
Received Import Request.
  Time since last request: 0.000025 seconds.
  path: Assets/Military/Materials/Shirt3_Skin1.mat
  artifactKey: Guid(8f39a9a3bee8af04889e87c953c40533) Importer(815301076,1909f56bfc062723c751e8b465ee728b)
Start importing Assets/Military/Materials/Shirt3_Skin1.mat using Guid(8f39a9a3bee8af04889e87c953c40533) Importer(815301076,1909f56bfc062723c751e8b465ee728b)  -> (artifact id: '22cc874bdcbd89818183683dca19325a') in 0.039920 seconds
Number of updated asset objects reloaded before import = 0
Number of asset objects unloaded after import = 6
========================================================================
Received Import Request.
  Time since last request: 0.000026 seconds.
  path: Assets/Military/Materials/Pants2_Skin3.mat
  artifactKey: Guid(907de43488b59c54086bb78e00686023) Importer(815301076,1909f56bfc062723c751e8b465ee728b)
Start importing Assets/Military/Materials/Pants2_Skin3.mat using Guid(907de43488b59c54086bb78e00686023) Importer(815301076,1909f56bfc062723c751e8b465ee728b)  -> (artifact id: 'f2b79960a2b87d8cf1489098da487186') in 0.058896 seconds
Number of updated asset objects reloaded before import = 0
Number of asset objects unloaded after import = 6
========================================================================
Received Import Request.
  Time since last request: 0.000024 seconds.
  path: Assets/Military/Materials/Cap1_Skin2.mat
  artifactKey: Guid(177b89c6830906448881f566d8143446) Importer(815301076,1909f56bfc062723c751e8b465ee728b)
Start importing Assets/Military/Materials/Cap1_Skin2.mat using Guid(177b89c6830906448881f566d8143446) Importer(815301076,1909f56bfc062723c751e8b465ee728b)  -> (artifact id: 'e4359ba39ae4d8b8b03898ff2393239b') in 0.051466 seconds
Number of updated asset objects reloaded before import = 0
Number of asset objects unloaded after import = 6
========================================================================
Received Import Request.
  Time since last request: 0.000028 seconds.
  path: Assets/Military/Materials/Backpack1_Skin4.mat
  artifactKey: Guid(b15ec2cf8f326d6478fb6a1609b2ad4a) Importer(815301076,1909f56bfc062723c751e8b465ee728b)
Start importing Assets/Military/Materials/Backpack1_Skin4.mat using Guid(b15ec2cf8f326d6478fb6a1609b2ad4a) Importer(815301076,1909f56bfc062723c751e8b465ee728b)  -> (artifact id: 'caffacab3c7eb4e8878f0dcfdae2e66c') in 0.050206 seconds
Number of updated asset objects reloaded before import = 0
Number of asset objects unloaded after import = 6
========================================================================
Received Import Request.
  Time since last request: 0.000019 seconds.
  path: Assets/Military/Materials/Boots3_Skin2.mat
  artifactKey: Guid(2c89187d4215b9f4c83dcefb5456897d) Importer(815301076,1909f56bfc062723c751e8b465ee728b)
Start importing Assets/Military/Materials/Boots3_Skin2.mat using Guid(2c89187d4215b9f4c83dcefb5456897d) Importer(815301076,1909f56bfc062723c751e8b465ee728b)  -> (artifact id: 'ef457875512e694cffe2fac69a0fdf39') in 0.046178 seconds
Number of updated asset objects reloaded before import = 0
Number of asset objects unloaded after import = 6
========================================================================
Received Import Request.
  Time since last request: 0.000026 seconds.
  path: Assets/Military/Materials/Vest1_Skin1.mat
  artifactKey: Guid(85442a5678b051043a848d96f57c039d) Importer(815301076,1909f56bfc062723c751e8b465ee728b)
Start importing Assets/Military/Materials/Vest1_Skin1.mat using Guid(85442a5678b051043a848d96f57c039d) Importer(815301076,1909f56bfc062723c751e8b465ee728b)  -> (artifact id: '297dbd803f2705d265096711daff7232') in 0.049536 seconds
Number of updated asset objects reloaded before import = 0
Number of asset objects unloaded after import = 6
========================================================================
Received Import Request.
  Time since last request: 0.000032 seconds.
  path: Assets/Military/Materials/Cap1_Skin3.mat
  artifactKey: Guid(96a5b189e0fdcb74b970135d97057d9a) Importer(815301076,1909f56bfc062723c751e8b465ee728b)
Start importing Assets/Military/Materials/Cap1_Skin3.mat using Guid(96a5b189e0fdcb74b970135d97057d9a) Importer(815301076,1909f56bfc062723c751e8b465ee728b)  -> (artifact id: '166800c5dcbe3e881cfd22eb9368ff09') in 0.045612 seconds
Number of updated asset objects reloaded before import = 0
Number of asset objects unloaded after import = 6
========================================================================
Received Import Request.
  Time since last request: 0.000040 seconds.
  path: Assets/Military/Materials/Vest1_Skin3.mat
  artifactKey: Guid(0965979b013b68345a68889b01fdc0e8) Importer(815301076,1909f56bfc062723c751e8b465ee728b)
Start importing Assets/Military/Materials/Vest1_Skin3.mat using Guid(0965979b013b68345a68889b01fdc0e8) Importer(815301076,1909f56bfc062723c751e8b465ee728b)  -> (artifact id: '4ecb27643a0a3009534e42a3cb1ae6ff') in 0.050993 seconds
Number of updated asset objects reloaded before import = 0
Number of asset objects unloaded after import = 6
========================================================================
Received Import Request.
  Time since last request: 0.000022 seconds.
  path: Assets/Military/Materials/Cap1_Skin4.mat
  artifactKey: Guid(3ada2b513534a4a42806251244eefe3d) Importer(815301076,1909f56bfc062723c751e8b465ee728b)
Start importing Assets/Military/Materials/Cap1_Skin4.mat using Guid(3ada2b513534a4a42806251244eefe3d) Importer(815301076,1909f56bfc062723c751e8b465ee728b)  -> (artifact id: '4df41f5c70622ee35f71ce1e289d3e18') in 0.064203 seconds
Number of updated asset objects reloaded before import = 0
Number of asset objects unloaded after import = 6
========================================================================
Received Import Request.
  Time since last request: 0.000028 seconds.
  path: Assets/Military/Materials/Eyes1.mat
  artifactKey: Guid(38b71884de7d2094587df9ab6c870d4b) Importer(815301076,1909f56bfc062723c751e8b465ee728b)
Start importing Assets/Military/Materials/Eyes1.mat using Guid(38b71884de7d2094587df9ab6c870d4b) Importer(815301076,1909f56bfc062723c751e8b465ee728b)  -> (artifact id: '00d0ed4837f998ffcc65b2a2a9adc6ff') in 0.067685 seconds
Number of updated asset objects reloaded before import = 0
Number of asset objects unloaded after import = 3
========================================================================
Received Import Request.
  Time since last request: 0.000034 seconds.
  path: Assets/Military/Materials/Boots3_Skin1.mat
  artifactKey: Guid(b4968c47c65a7f04d838250af66552f0) Importer(815301076,1909f56bfc062723c751e8b465ee728b)
Start importing Assets/Military/Materials/Boots3_Skin1.mat using Guid(b4968c47c65a7f04d838250af66552f0) Importer(815301076,1909f56bfc062723c751e8b465ee728b)  -> (artifact id: 'e823647d00452bf24bc9d32826696c89') in 0.031067 seconds
Number of updated asset objects reloaded before import = 0
Number of asset objects unloaded after import = 6
========================================================================
Received Import Request.
  Time since last request: 0.000030 seconds.
  path: Assets/Military/Materials/FPS_Hands1_Skin1.mat
  artifactKey: Guid(308bfb0f350b3eb4781240efb6c21c23) Importer(815301076,1909f56bfc062723c751e8b465ee728b)
Start importing Assets/Military/Materials/FPS_Hands1_Skin1.mat using Guid(308bfb0f350b3eb4781240efb6c21c23) Importer(815301076,1909f56bfc062723c751e8b465ee728b)  -> (artifact id: '8432eb0c605329030082750e9020c0af') in 0.042898 seconds
Number of updated asset objects reloaded before import = 0
Number of asset objects unloaded after import = 5
========================================================================
Received Import Request.
  Time since last request: 0.000027 seconds.
  path: Assets/Military/Materials/Hands1_Skin1.mat
  artifactKey: Guid(a4f3038e85335ab4eb10f074fda8b6ad) Importer(815301076,1909f56bfc062723c751e8b465ee728b)
Start importing Assets/Military/Materials/Hands1_Skin1.mat using Guid(a4f3038e85335ab4eb10f074fda8b6ad) Importer(815301076,1909f56bfc062723c751e8b465ee728b)  -> (artifact id: '072ac78a398214e9255287c4ca244874') in 0.042866 seconds
Number of updated asset objects reloaded before import = 0
Number of asset objects unloaded after import = 5
========================================================================
Received Import Request.
  Time since last request: 3.154429 seconds.
  path: Assets/Military/Floor/MAT_Floor_URP.mat
  artifactKey: Guid(7cff07407be075345ab4576b8ba510ce) Importer(815301076,1909f56bfc062723c751e8b465ee728b)
Start importing Assets/Military/Floor/MAT_Floor_URP.mat using Guid(7cff07407be075345ab4576b8ba510ce) Importer(815301076,1909f56bfc062723c751e8b465ee728b)  -> (artifact id: '8518f1382d17d6dd1e7f457f12893780') in 0.039205 seconds
Number of updated asset objects reloaded before import = 0
Number of asset objects unloaded after import = 1
========================================================================
Received Import Request.
  Time since last request: 5.716001 seconds.
  path: Assets/Military/Materials HDRP/HDRP_Backpack1_Skin3.mat
  artifactKey: Guid(256a8ce9182584c4a8d68e6512b3ddd2) Importer(815301076,1909f56bfc062723c751e8b465ee728b)
Start importing Assets/Military/Materials HDRP/HDRP_Backpack1_Skin3.mat using Guid(256a8ce9182584c4a8d68e6512b3ddd2) Importer(815301076,1909f56bfc062723c751e8b465ee728b)  -> (artifact id: '3b5702633136b97b78866ea3d541c748') in 0.017139 seconds
Number of updated asset objects reloaded before import = 0
Number of asset objects unloaded after import = 6
========================================================================
Received Import Request.
  Time since last request: 0.006973 seconds.
  path: Assets/Military/Materials HDRP/HDRP_Boots3_Skin2.mat
  artifactKey: Guid(897f2ddab7338ca4d8853a978e15652e) Importer(815301076,1909f56bfc062723c751e8b465ee728b)
Start importing Assets/Military/Materials HDRP/HDRP_Boots3_Skin2.mat using Guid(897f2ddab7338ca4d8853a978e15652e) Importer(815301076,1909f56bfc062723c751e8b465ee728b)  -> (artifact id: '3517781ddfef18c8fbcedb7280d271c5') in 0.009047 seconds
Number of updated asset objects reloaded before import = 0
Number of asset objects unloaded after import = 6
========================================================================
Received Import Request.
  Time since last request: 0.000991 seconds.
  path: Assets/Military/Materials HDRP/HDRP_Cap1_Skin2.mat
  artifactKey: Guid(76c552f98f0f48f4fa5d280ae5a7978f) Importer(815301076,1909f56bfc062723c751e8b465ee728b)
Start importing Assets/Military/Materials HDRP/HDRP_Cap1_Skin2.mat using Guid(76c552f98f0f48f4fa5d280ae5a7978f) Importer(815301076,1909f56bfc062723c751e8b465ee728b)  -> (artifact id: 'eef20b64205974b79dca8d119ce25bd8') in 0.016510 seconds
Number of updated asset objects reloaded before import = 0
Number of asset objects unloaded after import = 6
========================================================================
Received Import Request.
  Time since last request: 0.002680 seconds.
  path: Assets/Military/Materials HDRP/HDRP_Eyes1.mat
  artifactKey: Guid(e2504a63d3943bd489fdadeb20c11138) Importer(815301076,1909f56bfc062723c751e8b465ee728b)
Start importing Assets/Military/Materials HDRP/HDRP_Eyes1.mat using Guid(e2504a63d3943bd489fdadeb20c11138) Importer(815301076,1909f56bfc062723c751e8b465ee728b)  -> (artifact id: '85ecad3bc3ac4d92524412cfced05246') in 0.007981 seconds
Number of updated asset objects reloaded before import = 0
Number of asset objects unloaded after import = 3
========================================================================
Received Import Request.
  Time since last request: 0.024722 seconds.
  path: Assets/Military/Materials HDRP/HDRP_Gloves1_Skin2.mat
  artifactKey: Guid(d9e036f8f88a8c04ab5b0e31a4c8ce1c) Importer(815301076,1909f56bfc062723c751e8b465ee728b)
Start importing Assets/Military/Materials HDRP/HDRP_Gloves1_Skin2.mat using Guid(d9e036f8f88a8c04ab5b0e31a4c8ce1c) Importer(815301076,1909f56bfc062723c751e8b465ee728b)  -> (artifact id: '3a19560ea96b26d52edf701ce4f687a1') in 0.017775 seconds
Number of updated asset objects reloaded before import = 0
Number of asset objects unloaded after import = 5
========================================================================
Received Import Request.
  Time since last request: 0.004046 seconds.
  path: Assets/Military/Materials HDRP/HDRP_Pants2_Skin1.mat
  artifactKey: Guid(a227dcb883a1ca04691fdbc20e1405ac) Importer(815301076,1909f56bfc062723c751e8b465ee728b)
Start importing Assets/Military/Materials HDRP/HDRP_Pants2_Skin1.mat using Guid(a227dcb883a1ca04691fdbc20e1405ac) Importer(815301076,1909f56bfc062723c751e8b465ee728b)  -> (artifact id: '0825b2c7974a96866c4de2f655221ee1') in 0.017518 seconds
Number of updated asset objects reloaded before import = 0
Number of asset objects unloaded after import = 6
========================================================================
Received Import Request.
  Time since last request: 0.000936 seconds.
  path: Assets/Military/Materials HDRP/HDRP_Pouches1_Skin1.mat
  artifactKey: Guid(cca72710dfb044345b70d40a625086f4) Importer(815301076,1909f56bfc062723c751e8b465ee728b)
Start importing Assets/Military/Materials HDRP/HDRP_Pouches1_Skin1.mat using Guid(cca72710dfb044345b70d40a625086f4) Importer(815301076,1909f56bfc062723c751e8b465ee728b)  -> (artifact id: '5d4eb5a1c670f92fa6fe476aef16beb5') in 0.017450 seconds
Number of updated asset objects reloaded before import = 0
Number of asset objects unloaded after import = 6
========================================================================
Received Import Request.
  Time since last request: 0.003702 seconds.
  path: Assets/Military/Materials HDRP/HDRP_Shirt3_Skin1.mat
  artifactKey: Guid(cbe8630e81bbd4d48bd91e920aaec8db) Importer(815301076,1909f56bfc062723c751e8b465ee728b)
Start importing Assets/Military/Materials HDRP/HDRP_Shirt3_Skin1.mat using Guid(cbe8630e81bbd4d48bd91e920aaec8db) Importer(815301076,1909f56bfc062723c751e8b465ee728b)  -> (artifact id: 'f083d4bc9c8366d6ac8211d133ce5d82') in 0.016865 seconds
Number of updated asset objects reloaded before import = 0
Number of asset objects unloaded after import = 6
========================================================================
Received Import Request.
  Time since last request: 0.002021 seconds.
  path: Assets/Military/Materials HDRP/HDRP_Vest1_Skin1.mat
  artifactKey: Guid(51f173ca9dccfe049bd0657a354ddfe5) Importer(815301076,1909f56bfc062723c751e8b465ee728b)
Start importing Assets/Military/Materials HDRP/HDRP_Vest1_Skin1.mat using Guid(51f173ca9dccfe049bd0657a354ddfe5) Importer(815301076,1909f56bfc062723c751e8b465ee728b)  -> (artifact id: '8e23a88f6aea141d90a5bda2c0421e2f') in 0.020025 seconds
Number of updated asset objects reloaded before import = 0
Number of asset objects unloaded after import = 6
Editor requested this worker to shutdown with reason: Scaling down because of idle timeout
TcpMessagingSession - receive error: operation aborted. errorcode: 995, details: The I/O operation has been aborted because of either a thread exit or an application request.
AssetImportWorker is now disconnected from the server
Process exiting
Exiting without the bug reporter. Application will terminate with return code 0